<?xml version="1.0" encoding="UTF-8"?>
<!-- Generated by org.testng.reporters.JUnitReportReporter -->
<testsuite hostname="md2kmydc" name="siemens.energy.org.crm.selenium.test.CaseRoutingMatrixTest" tests="3" failures="0" timestamp="28 Oct 2020 10:27:51 GMT" time="13.865" errors="0">
  <testcase name="caseFieldVerification" time="4.503" classname="siemens.energy.org.crm.selenium.test.CaseRoutingMatrixTest"/>
  <testcase name="caseFieldVerification" time="4.872" classname="siemens.energy.org.crm.selenium.test.CaseRoutingMatrixTest"/>
  <testcase name="caseFieldVerification" time="4.490" classname="siemens.energy.org.crm.selenium.test.CaseRoutingMatrixTest"/>
</testsuite> <!-- siemens.energy.org.crm.selenium.test.CaseRoutingMatrixTest -->
