<?xml version="1.0" encoding="UTF-8"?>
<!-- Generated by org.testng.reporters.JUnitReportReporter -->
<testsuite hostname="md2kmydc" name="siemens.energy.org.crm.selenium.test.CaseRoutingMatrixTest" tests="3" failures="0" timestamp="29 Oct 2020 08:17:29 GMT" time="127.830" errors="0">
  <testcase name="caseFieldVerification" time="42.783" classname="siemens.energy.org.crm.selenium.test.CaseRoutingMatrixTest"/>
  <testcase name="caseFieldVerification" time="41.673" classname="siemens.energy.org.crm.selenium.test.CaseRoutingMatrixTest"/>
  <testcase name="caseFieldVerification" time="43.374" classname="siemens.energy.org.crm.selenium.test.CaseRoutingMatrixTest"/>
</testsuite> <!-- siemens.energy.org.crm.selenium.test.CaseRoutingMatrixTest -->
