<?xml version="1.0" encoding="UTF-8"?>
<!-- Generated by org.testng.reporters.JUnitReportReporter -->
<testsuite skipped="0" hostname="md2kmydc" name="siemens.energy.org.crm.selenium.test.CaseRoutingMatrixTest3" tests="1" failures="0" timestamp="2020-02-12T12:21:51 IST" time="31.905" errors="0">
  <testcase name="caseFieldVerification" time="31.905" classname="siemens.energy.org.crm.selenium.test.CaseRoutingMatrixTest3"/>
</testsuite> <!-- siemens.energy.org.crm.selenium.test.CaseRoutingMatrixTest3 -->
