<?xml version="1.0" encoding="UTF-8"?>
<!-- Generated by org.testng.reporters.JUnitReportReporter -->
<testsuite skipped="0" hostname="md2kmydc" name="siemens.energy.org.crm.selenium.test.CaseRoutingMatrixTest2" tests="1" failures="0" timestamp="2020-02-12T12:28:23 IST" time="27.038" errors="0">
  <testcase name="caseFieldVerification" time="27.038" classname="siemens.energy.org.crm.selenium.test.CaseRoutingMatrixTest2"/>
</testsuite> <!-- siemens.energy.org.crm.selenium.test.CaseRoutingMatrixTest2 -->
