<?xml version="1.0" encoding="UTF-8"?>
<!-- Generated by org.testng.reporters.JUnitReportReporter -->
<testsuite skipped="0" hostname="md2kmydc" name="siemens.energy.org.crm.selenium.test.ProbabilityCalculationTest" tests="3" failures="0" timestamp="2020-10-22T13:30:53 IST" time="3993.602" errors="0">
  <testcase name="probablityValidation" time="1392.896" classname="siemens.energy.org.crm.selenium.test.ProbabilityCalculationTest"/>
  <testcase name="probablityValidation" time="1326.899" classname="siemens.energy.org.crm.selenium.test.ProbabilityCalculationTest"/>
  <testcase name="probablityValidation" time="1273.807" classname="siemens.energy.org.crm.selenium.test.ProbabilityCalculationTest"/>
</testsuite> <!-- siemens.energy.org.crm.selenium.test.ProbabilityCalculationTest -->
