<?xml version="1.0" encoding="UTF-8"?>
<!-- Generated by org.testng.reporters.JUnitReportReporter -->
<testsuite skipped="0" hostname="md2kmydc" name="siemens.energy.org.crm.selenium.test.CaseRoutingMatrixTest1" tests="1" failures="0" timestamp="2020-02-12T12:28:23 IST" time="318.471" errors="0">
  <testcase name="caseFieldVerification" time="318.471" classname="siemens.energy.org.crm.selenium.test.CaseRoutingMatrixTest1"/>
</testsuite> <!-- siemens.energy.org.crm.selenium.test.CaseRoutingMatrixTest1 -->
