<?xml version="1.0" encoding="UTF-8"?>
<!-- Generated by org.testng.reporters.JUnitReportReporter -->
<testsuite skipped="0" hostname="md2kmydc" name="siemens.energy.org.crm.selenium.test.CaseRoutingMatrixTest5" tests="1" failures="0" timestamp="2020-02-12T12:16:05 IST" time="315.728" errors="0">
  <testcase name="caseFieldVerification" time="315.728" classname="siemens.energy.org.crm.selenium.test.CaseRoutingMatrixTest5"/>
</testsuite> <!-- siemens.energy.org.crm.selenium.test.CaseRoutingMatrixTest5 -->
